e:\比特科技\代码\after-class-practice-\九大排序\ninesort\ninesort\debug\vc140.pdb
e:\比特科技\代码\after-class-practice-\九大排序\ninesort\ninesort\debug\vc140.idb
e:\比特科技\代码\after-class-practice-\九大排序\ninesort\ninesort\debug\sort.obj
e:\比特科技\代码\after-class-practice-\九大排序\ninesort\ninesort\debug\test.obj
e:\比特科技\代码\after-class-practice-\九大排序\ninesort\debug\ninesort.pdb
e:\比特科技\代码\after-class-practice-\九大排序\ninesort\ninesort\debug\ninesort.tlog\cl.command.1.tlog
e:\比特科技\代码\after-class-practice-\九大排序\ninesort\ninesort\debug\ninesort.tlog\cl.read.1.tlog
e:\比特科技\代码\after-class-practice-\九大排序\ninesort\ninesort\debug\ninesort.tlog\cl.write.1.tlog
e:\比特科技\代码\after-class-practice-\九大排序\ninesort\ninesort\debug\ninesort.tlog\link-cvtres.read.1.tlog
e:\比特科技\代码\after-class-practice-\九大排序\ninesort\ninesort\debug\ninesort.tlog\link-cvtres.write.1.tlog
e:\比特科技\代码\after-class-practice-\九大排序\ninesort\ninesort\debug\ninesort.tlog\link-rc.read.1.tlog
e:\比特科技\代码\after-class-practice-\九大排序\ninesort\ninesort\debug\ninesort.tlog\link-rc.write.1.tlog
e:\比特科技\代码\after-class-practice-\九大排序\ninesort\ninesort\debug\ninesort.tlog\link.14260-cvtres.read.1.tlog
e:\比特科技\代码\after-class-practice-\九大排序\ninesort\ninesort\debug\ninesort.tlog\link.14260-cvtres.write.1.tlog
e:\比特科技\代码\after-class-practice-\九大排序\ninesort\ninesort\debug\ninesort.tlog\link.14260-rc.read.1.tlog
e:\比特科技\代码\after-class-practice-\九大排序\ninesort\ninesort\debug\ninesort.tlog\link.14260-rc.write.1.tlog
e:\比特科技\代码\after-class-practice-\九大排序\ninesort\ninesort\debug\ninesort.tlog\link.14260.read.1.tlog
e:\比特科技\代码\after-class-practice-\九大排序\ninesort\ninesort\debug\ninesort.tlog\link.14260.write.1.tlog
e:\比特科技\代码\after-class-practice-\九大排序\ninesort\ninesort\debug\ninesort.tlog\link.command.1.tlog
e:\比特科技\代码\after-class-practice-\九大排序\ninesort\ninesort\debug\ninesort.tlog\link.read.1.tlog
e:\比特科技\代码\after-class-practice-\九大排序\ninesort\ninesort\debug\ninesort.tlog\link.write.1.tlog
